<?xml version="1.0" encoding="UTF-8"?>
<testng-results ignored="0" total="1" passed="1" failed="0" skipped="0">
  <reporter-output>
  </reporter-output>
  <suite started-at="2024-05-17T10:38:00 IST" name="Default suite" finished-at="2024-05-17T10:38:22 IST" duration-ms="21991">
    <groups>
    </groups>
    <test started-at="2024-05-17T10:38:00 IST" name="Default test" finished-at="2024-05-17T10:38:22 IST" duration-ms="21991">
      <class name="test.RegisterTest">
        <test-method is-config="true" signature="browserLaunch()[pri:0, instance:test.RegisterTest@489115ef]" started-at="2024-05-17T10:38:01 IST" name="browserLaunch" finished-at="2024-05-17T10:38:17 IST" duration-ms="16325" status="PASS">
          <reporter-output>
          </reporter-output>
        </test-method> <!-- browserLaunch -->
        <test-method signature="registerTest()[pri:0, instance:test.RegisterTest@489115ef]" started-at="2024-05-17T10:38:17 IST" name="registerTest" finished-at="2024-05-17T10:38:21 IST" duration-ms="4600" status="PASS">
          <reporter-output>
          </reporter-output>
        </test-method> <!-- registerTest -->
        <test-method is-config="true" signature="closeBrowser()[pri:0, instance:test.RegisterTest@489115ef]" started-at="2024-05-17T10:38:21 IST" name="closeBrowser" finished-at="2024-05-17T10:38:22 IST" duration-ms="807" status="PASS">
          <reporter-output>
          </reporter-output>
        </test-method> <!-- closeBrowser -->
      </class> <!-- test.RegisterTest -->
    </test> <!-- Default test -->
  </suite> <!-- Default suite -->
</testng-results>
